<?xml version="1.0" encoding="UTF-8"?>
<!-- Generated by org.testng.reporters.JUnitReportReporter -->
<testsuite hostname="DESKTOP-D7FC95S" failures="0" tests="1" name="testsWithLogin.AddBackpackToCartTest" time="15.256" errors="0" timestamp="2023-05-29T19:53:13 CEST" skipped="0">
  <testcase classname="testsWithLogin.AddBackpackToCartTest" name="addBackpackTest" time="15.256"/>
  <system-out/>
</testsuite> <!-- testsWithLogin.AddBackpackToCartTest -->
