<?xml version="1.0" encoding="UTF-8"?>
<!-- Generated by org.testng.reporters.JUnitReportReporter -->
<testsuite hostname="DESKTOP-D7FC95S" failures="0" tests="1" name="testsWithLogin.LogoutTest" time="15.104" errors="0" timestamp="2023-05-29T19:53:13 CEST" skipped="0">
  <testcase classname="testsWithLogin.LogoutTest" name="logout" time="15.104"/>
  <system-out/>
</testsuite> <!-- testsWithLogin.LogoutTest -->
