<?xml version="1.0" encoding="UTF-8"?>
<!-- Generated by org.testng.reporters.JUnitReportReporter -->
<testsuite hostname="DESKTOP-D7FC95S" failures="0" tests="1" name="testsWithLogin.AddRandomItemToCartTest" time="15.484" errors="0" timestamp="2023-05-29T19:53:13 CEST" skipped="0">
  <testcase classname="testsWithLogin.AddRandomItemToCartTest" name="addRandomItemToCart" time="15.484"/>
  <system-out/>
</testsuite> <!-- testsWithLogin.AddRandomItemToCartTest -->
